{"message":"[Mon Jan 07 2019 15:53:36 GMT+0400 (Armenia Standard Time)] Executing (default): CREATE TABLE IF NOT EXISTS `Users` (`id` INTEGER PRIMARY KEY AUTOINCREMENT, `name` VARCHAR(255) NOT NULL, `password` VARCHAR(255) NOT NULL, `email` VARCHAR(255) NOT NULL UNIQUE, `salt` VARCHAR(255), `created_at` DATETIME NOT NULL, `updated_at` DATETIME NOT NULL);","level":"info"}
{"message":"[Mon Jan 07 2019 15:53:36 GMT+0400 (Armenia Standard Time)] Executing (default): PRAGMA INDEX_LIST(`Users`)","level":"info"}
{"message":"[Mon Jan 07 2019 15:53:36 GMT+0400 (Armenia Standard Time)] Executing (default): PRAGMA INDEX_INFO(`sqlite_autoindex_Users_1`)","level":"info"}
{"message":"[Mon Jan 07 2019 15:53:36 GMT+0400 (Armenia Standard Time)] Executing (default): CREATE TABLE IF NOT EXISTS `Tasks` (`id` INTEGER PRIMARY KEY AUTOINCREMENT, `title` VARCHAR(255) NOT NULL, `done` TINYINT(1) NOT NULL DEFAULT 0, `created_at` DATETIME NOT NULL, `updated_at` DATETIME NOT NULL, `user_id` INTEGER REFERENCES `Users` (`id`) ON DELETE SET NULL ON UPDATE CASCADE);","level":"info"}
{"message":"[Mon Jan 07 2019 15:53:36 GMT+0400 (Armenia Standard Time)] Executing (default): PRAGMA INDEX_LIST(`Tasks`)","level":"info"}
{"message":"::1 - - [07/Jan/2019:11:53:41 +0000] \"GET / HTTP/1.1\" 304 -\n","level":"info"}
{"message":"::1 - - [07/Jan/2019:11:53:42 +0000] \"GET / HTTP/1.1\" 304 -\n","level":"info"}
{"message":"::1 - - [07/Jan/2019:11:53:42 +0000] \"GET / HTTP/1.1\" 304 -\n","level":"info"}
{"message":"::1 - - [07/Jan/2019:11:53:42 +0000] \"GET / HTTP/1.1\" 304 -\n","level":"info"}
{"message":"::1 - - [07/Jan/2019:11:53:42 +0000] \"GET / HTTP/1.1\" 304 -\n","level":"info"}
{"message":"::1 - - [07/Jan/2019:11:53:43 +0000] \"GET / HTTP/1.1\" 304 -\n","level":"info"}
{"message":"::1 - - [07/Jan/2019:11:53:43 +0000] \"GET / HTTP/1.1\" 304 -\n","level":"info"}
{"message":"::1 - - [07/Jan/2019:11:53:46 +0000] \"GET /tasks HTTP/1.1\" 401 -\n","level":"info"}
{"message":"::1 - - [07/Jan/2019:11:53:46 +0000] \"GET /favicon.ico HTTP/1.1\" 404 150\n","level":"info"}
{"message":"::1 - - [07/Jan/2019:11:53:50 +0000] \"GET /users HTTP/1.1\" 404 144\n","level":"info"}
{"message":"[Mon Jan 07 2019 16:08:17 GMT+0400 (Armenia Standard Time)] Executing (default): CREATE TABLE IF NOT EXISTS `Users` (`id` INTEGER PRIMARY KEY AUTOINCREMENT, `name` VARCHAR(255) NOT NULL, `password` VARCHAR(255) NOT NULL, `email` VARCHAR(255) NOT NULL UNIQUE, `salt` VARCHAR(255), `created_at` DATETIME NOT NULL, `updated_at` DATETIME NOT NULL);","level":"info"}
{"message":"[Mon Jan 07 2019 16:08:17 GMT+0400 (Armenia Standard Time)] Executing (default): CREATE TABLE IF NOT EXISTS `Users` (`id` INTEGER PRIMARY KEY AUTOINCREMENT, `name` VARCHAR(255) NOT NULL, `password` VARCHAR(255) NOT NULL, `email` VARCHAR(255) NOT NULL UNIQUE, `salt` VARCHAR(255), `created_at` DATETIME NOT NULL, `updated_at` DATETIME NOT NULL);","level":"info"}
{"message":"[Mon Jan 07 2019 16:08:17 GMT+0400 (Armenia Standard Time)] Executing (default): CREATE TABLE IF NOT EXISTS `Users` (`id` INTEGER PRIMARY KEY AUTOINCREMENT, `name` VARCHAR(255) NOT NULL, `password` VARCHAR(255) NOT NULL, `email` VARCHAR(255) NOT NULL UNIQUE, `salt` VARCHAR(255), `created_at` DATETIME NOT NULL, `updated_at` DATETIME NOT NULL);","level":"info"}
{"message":"[Mon Jan 07 2019 16:08:17 GMT+0400 (Armenia Standard Time)] Executing (default): CREATE TABLE IF NOT EXISTS `Users` (`id` INTEGER PRIMARY KEY AUTOINCREMENT, `name` VARCHAR(255) NOT NULL, `password` VARCHAR(255) NOT NULL, `email` VARCHAR(255) NOT NULL UNIQUE, `salt` VARCHAR(255), `created_at` DATETIME NOT NULL, `updated_at` DATETIME NOT NULL);","level":"info"}
{"message":"[Mon Jan 07 2019 16:08:17 GMT+0400 (Armenia Standard Time)] Executing (default): PRAGMA INDEX_LIST(`Users`)","level":"info"}
{"message":"[Mon Jan 07 2019 16:08:17 GMT+0400 (Armenia Standard Time)] Executing (default): PRAGMA INDEX_LIST(`Users`)","level":"info"}
{"message":"[Mon Jan 07 2019 16:08:17 GMT+0400 (Armenia Standard Time)] Executing (default): PRAGMA INDEX_INFO(`sqlite_autoindex_Users_1`)","level":"info"}
{"message":"[Mon Jan 07 2019 16:08:17 GMT+0400 (Armenia Standard Time)] Executing (default): PRAGMA INDEX_LIST(`Users`)","level":"info"}
{"message":"[Mon Jan 07 2019 16:08:17 GMT+0400 (Armenia Standard Time)] Executing (default): PRAGMA INDEX_INFO(`sqlite_autoindex_Users_1`)","level":"info"}
{"message":"[Mon Jan 07 2019 16:08:17 GMT+0400 (Armenia Standard Time)] Executing (default): PRAGMA INDEX_INFO(`sqlite_autoindex_Users_1`)","level":"info"}
{"message":"[Mon Jan 07 2019 16:08:17 GMT+0400 (Armenia Standard Time)] Executing (default): CREATE TABLE IF NOT EXISTS `Tasks` (`id` INTEGER PRIMARY KEY AUTOINCREMENT, `title` VARCHAR(255) NOT NULL, `done` TINYINT(1) NOT NULL DEFAULT 0, `created_at` DATETIME NOT NULL, `updated_at` DATETIME NOT NULL, `user_id` INTEGER REFERENCES `Users` (`id`) ON DELETE SET NULL ON UPDATE CASCADE);","level":"info"}
{"message":"[Mon Jan 07 2019 16:08:17 GMT+0400 (Armenia Standard Time)] Executing (default): PRAGMA INDEX_LIST(`Tasks`)","level":"info"}
{"message":"[Mon Jan 07 2019 16:08:17 GMT+0400 (Armenia Standard Time)] Executing (default): CREATE TABLE IF NOT EXISTS `Tasks` (`id` INTEGER PRIMARY KEY AUTOINCREMENT, `title` VARCHAR(255) NOT NULL, `done` TINYINT(1) NOT NULL DEFAULT 0, `created_at` DATETIME NOT NULL, `updated_at` DATETIME NOT NULL, `user_id` INTEGER REFERENCES `Users` (`id`) ON DELETE SET NULL ON UPDATE CASCADE);","level":"info"}
{"message":"[Mon Jan 07 2019 16:08:17 GMT+0400 (Armenia Standard Time)] Executing (default): PRAGMA INDEX_LIST(`Users`)","level":"info"}
{"message":"[Mon Jan 07 2019 16:08:17 GMT+0400 (Armenia Standard Time)] Executing (default): CREATE TABLE IF NOT EXISTS `Tasks` (`id` INTEGER PRIMARY KEY AUTOINCREMENT, `title` VARCHAR(255) NOT NULL, `done` TINYINT(1) NOT NULL DEFAULT 0, `created_at` DATETIME NOT NULL, `updated_at` DATETIME NOT NULL, `user_id` INTEGER REFERENCES `Users` (`id`) ON DELETE SET NULL ON UPDATE CASCADE);","level":"info"}
{"message":"[Mon Jan 07 2019 16:08:17 GMT+0400 (Armenia Standard Time)] Executing (default): PRAGMA INDEX_LIST(`Tasks`)","level":"info"}
{"message":"[Mon Jan 07 2019 16:08:17 GMT+0400 (Armenia Standard Time)] Executing (default): PRAGMA INDEX_LIST(`Tasks`)","level":"info"}
{"message":"[Mon Jan 07 2019 16:08:17 GMT+0400 (Armenia Standard Time)] Executing (default): PRAGMA INDEX_INFO(`sqlite_autoindex_Users_1`)","level":"info"}
{"message":"[Mon Jan 07 2019 16:08:17 GMT+0400 (Armenia Standard Time)] Executing (default): CREATE TABLE IF NOT EXISTS `Users` (`id` INTEGER PRIMARY KEY AUTOINCREMENT, `name` VARCHAR(255) NOT NULL, `password` VARCHAR(255) NOT NULL, `email` VARCHAR(255) NOT NULL UNIQUE, `salt` VARCHAR(255), `created_at` DATETIME NOT NULL, `updated_at` DATETIME NOT NULL);","level":"info"}
{"message":"[Mon Jan 07 2019 16:08:17 GMT+0400 (Armenia Standard Time)] Executing (default): CREATE TABLE IF NOT EXISTS `Users` (`id` INTEGER PRIMARY KEY AUTOINCREMENT, `name` VARCHAR(255) NOT NULL, `password` VARCHAR(255) NOT NULL, `email` VARCHAR(255) NOT NULL UNIQUE, `salt` VARCHAR(255), `created_at` DATETIME NOT NULL, `updated_at` DATETIME NOT NULL);","level":"info"}
{"message":"[Mon Jan 07 2019 16:08:17 GMT+0400 (Armenia Standard Time)] Executing (default): CREATE TABLE IF NOT EXISTS `Tasks` (`id` INTEGER PRIMARY KEY AUTOINCREMENT, `title` VARCHAR(255) NOT NULL, `done` TINYINT(1) NOT NULL DEFAULT 0, `created_at` DATETIME NOT NULL, `updated_at` DATETIME NOT NULL, `user_id` INTEGER REFERENCES `Users` (`id`) ON DELETE SET NULL ON UPDATE CASCADE);","level":"info"}
{"message":"[Mon Jan 07 2019 16:08:17 GMT+0400 (Armenia Standard Time)] Executing (default): PRAGMA INDEX_LIST(`Tasks`)","level":"info"}
{"message":"[Mon Jan 07 2019 16:08:17 GMT+0400 (Armenia Standard Time)] Executing (default): PRAGMA INDEX_LIST(`Users`)","level":"info"}
{"message":"[Mon Jan 07 2019 16:08:17 GMT+0400 (Armenia Standard Time)] Executing (default): PRAGMA INDEX_LIST(`Users`)","level":"info"}
{"message":"[Mon Jan 07 2019 16:08:17 GMT+0400 (Armenia Standard Time)] Executing (default): PRAGMA INDEX_INFO(`sqlite_autoindex_Users_1`)","level":"info"}
{"message":"[Mon Jan 07 2019 16:08:17 GMT+0400 (Armenia Standard Time)] Executing (default): PRAGMA INDEX_INFO(`sqlite_autoindex_Users_1`)","level":"info"}
{"message":"[Mon Jan 07 2019 16:08:17 GMT+0400 (Armenia Standard Time)] Executing (default): CREATE TABLE IF NOT EXISTS `Users` (`id` INTEGER PRIMARY KEY AUTOINCREMENT, `name` VARCHAR(255) NOT NULL, `password` VARCHAR(255) NOT NULL, `email` VARCHAR(255) NOT NULL UNIQUE, `salt` VARCHAR(255), `created_at` DATETIME NOT NULL, `updated_at` DATETIME NOT NULL);","level":"info"}
{"message":"[Mon Jan 07 2019 16:08:17 GMT+0400 (Armenia Standard Time)] Executing (default): CREATE TABLE IF NOT EXISTS `Tasks` (`id` INTEGER PRIMARY KEY AUTOINCREMENT, `title` VARCHAR(255) NOT NULL, `done` TINYINT(1) NOT NULL DEFAULT 0, `created_at` DATETIME NOT NULL, `updated_at` DATETIME NOT NULL, `user_id` INTEGER REFERENCES `Users` (`id`) ON DELETE SET NULL ON UPDATE CASCADE);","level":"info"}
{"message":"[Mon Jan 07 2019 16:08:17 GMT+0400 (Armenia Standard Time)] Executing (default): CREATE TABLE IF NOT EXISTS `Tasks` (`id` INTEGER PRIMARY KEY AUTOINCREMENT, `title` VARCHAR(255) NOT NULL, `done` TINYINT(1) NOT NULL DEFAULT 0, `created_at` DATETIME NOT NULL, `updated_at` DATETIME NOT NULL, `user_id` INTEGER REFERENCES `Users` (`id`) ON DELETE SET NULL ON UPDATE CASCADE);","level":"info"}
{"message":"[Mon Jan 07 2019 16:08:17 GMT+0400 (Armenia Standard Time)] Executing (default): PRAGMA INDEX_LIST(`Tasks`)","level":"info"}
{"message":"[Mon Jan 07 2019 16:08:17 GMT+0400 (Armenia Standard Time)] Executing (default): PRAGMA INDEX_LIST(`Tasks`)","level":"info"}
{"message":"[Mon Jan 07 2019 16:08:17 GMT+0400 (Armenia Standard Time)] Executing (default): CREATE TABLE IF NOT EXISTS `Users` (`id` INTEGER PRIMARY KEY AUTOINCREMENT, `name` VARCHAR(255) NOT NULL, `password` VARCHAR(255) NOT NULL, `email` VARCHAR(255) NOT NULL UNIQUE, `salt` VARCHAR(255), `created_at` DATETIME NOT NULL, `updated_at` DATETIME NOT NULL);","level":"info"}
{"message":"[Mon Jan 07 2019 16:08:17 GMT+0400 (Armenia Standard Time)] Executing (default): PRAGMA INDEX_LIST(`Users`)","level":"info"}
{"message":"[Mon Jan 07 2019 16:08:17 GMT+0400 (Armenia Standard Time)] Executing (default): PRAGMA INDEX_LIST(`Users`)","level":"info"}
{"message":"[Mon Jan 07 2019 16:08:17 GMT+0400 (Armenia Standard Time)] Executing (default): PRAGMA INDEX_INFO(`sqlite_autoindex_Users_1`)","level":"info"}
{"message":"[Mon Jan 07 2019 16:08:17 GMT+0400 (Armenia Standard Time)] Executing (default): PRAGMA INDEX_INFO(`sqlite_autoindex_Users_1`)","level":"info"}
{"message":"[Mon Jan 07 2019 16:08:17 GMT+0400 (Armenia Standard Time)] Executing (default): CREATE TABLE IF NOT EXISTS `Tasks` (`id` INTEGER PRIMARY KEY AUTOINCREMENT, `title` VARCHAR(255) NOT NULL, `done` TINYINT(1) NOT NULL DEFAULT 0, `created_at` DATETIME NOT NULL, `updated_at` DATETIME NOT NULL, `user_id` INTEGER REFERENCES `Users` (`id`) ON DELETE SET NULL ON UPDATE CASCADE);","level":"info"}
{"message":"[Mon Jan 07 2019 16:08:17 GMT+0400 (Armenia Standard Time)] Executing (default): PRAGMA INDEX_LIST(`Tasks`)","level":"info"}
{"message":"[Mon Jan 07 2019 16:08:17 GMT+0400 (Armenia Standard Time)] Executing (default): CREATE TABLE IF NOT EXISTS `Tasks` (`id` INTEGER PRIMARY KEY AUTOINCREMENT, `title` VARCHAR(255) NOT NULL, `done` TINYINT(1) NOT NULL DEFAULT 0, `created_at` DATETIME NOT NULL, `updated_at` DATETIME NOT NULL, `user_id` INTEGER REFERENCES `Users` (`id`) ON DELETE SET NULL ON UPDATE CASCADE);","level":"info"}
{"message":"[Mon Jan 07 2019 16:08:17 GMT+0400 (Armenia Standard Time)] Executing (default): PRAGMA INDEX_LIST(`Tasks`)","level":"info"}
{"message":"[Mon Jan 07 2019 16:11:47 GMT+0400 (Armenia Standard Time)] Executing (default): CREATE TABLE IF NOT EXISTS `Users` (`id` INTEGER PRIMARY KEY AUTOINCREMENT, `name` VARCHAR(255) NOT NULL, `password` VARCHAR(255) NOT NULL, `email` VARCHAR(255) NOT NULL UNIQUE, `salt` VARCHAR(255), `created_at` DATETIME NOT NULL, `updated_at` DATETIME NOT NULL);","level":"info"}
{"message":"[Mon Jan 07 2019 16:11:47 GMT+0400 (Armenia Standard Time)] Executing (default): PRAGMA INDEX_LIST(`Users`)","level":"info"}
{"message":"[Mon Jan 07 2019 16:11:47 GMT+0400 (Armenia Standard Time)] Executing (default): PRAGMA INDEX_INFO(`sqlite_autoindex_Users_1`)","level":"info"}
{"message":"[Mon Jan 07 2019 16:11:47 GMT+0400 (Armenia Standard Time)] Executing (default): CREATE TABLE IF NOT EXISTS `Tasks` (`id` INTEGER PRIMARY KEY AUTOINCREMENT, `title` VARCHAR(255) NOT NULL, `done` TINYINT(1) NOT NULL DEFAULT 0, `created_at` DATETIME NOT NULL, `updated_at` DATETIME NOT NULL, `user_id` INTEGER REFERENCES `Users` (`id`) ON DELETE SET NULL ON UPDATE CASCADE);","level":"info"}
{"message":"[Mon Jan 07 2019 16:11:47 GMT+0400 (Armenia Standard Time)] Executing (default): PRAGMA INDEX_LIST(`Tasks`)","level":"info"}
{"message":"[Mon Jan 07 2019 16:11:47 GMT+0400 (Armenia Standard Time)] Executing (default): CREATE TABLE IF NOT EXISTS `Users` (`id` INTEGER PRIMARY KEY AUTOINCREMENT, `name` VARCHAR(255) NOT NULL, `password` VARCHAR(255) NOT NULL, `email` VARCHAR(255) NOT NULL UNIQUE, `salt` VARCHAR(255), `created_at` DATETIME NOT NULL, `updated_at` DATETIME NOT NULL);","level":"info"}
{"message":"[Mon Jan 07 2019 16:11:47 GMT+0400 (Armenia Standard Time)] Executing (default): PRAGMA INDEX_LIST(`Users`)","level":"info"}
{"message":"[Mon Jan 07 2019 16:11:47 GMT+0400 (Armenia Standard Time)] Executing (default): PRAGMA INDEX_INFO(`sqlite_autoindex_Users_1`)","level":"info"}
{"message":"[Mon Jan 07 2019 16:11:47 GMT+0400 (Armenia Standard Time)] Executing (default): CREATE TABLE IF NOT EXISTS `Tasks` (`id` INTEGER PRIMARY KEY AUTOINCREMENT, `title` VARCHAR(255) NOT NULL, `done` TINYINT(1) NOT NULL DEFAULT 0, `created_at` DATETIME NOT NULL, `updated_at` DATETIME NOT NULL, `user_id` INTEGER REFERENCES `Users` (`id`) ON DELETE SET NULL ON UPDATE CASCADE);","level":"info"}
{"message":"[Mon Jan 07 2019 16:11:47 GMT+0400 (Armenia Standard Time)] Executing (default): PRAGMA INDEX_LIST(`Tasks`)","level":"info"}
{"message":"[Mon Jan 07 2019 16:11:47 GMT+0400 (Armenia Standard Time)] Executing (default): CREATE TABLE IF NOT EXISTS `Users` (`id` INTEGER PRIMARY KEY AUTOINCREMENT, `name` VARCHAR(255) NOT NULL, `password` VARCHAR(255) NOT NULL, `email` VARCHAR(255) NOT NULL UNIQUE, `salt` VARCHAR(255), `created_at` DATETIME NOT NULL, `updated_at` DATETIME NOT NULL);","level":"info"}
{"message":"[Mon Jan 07 2019 16:11:47 GMT+0400 (Armenia Standard Time)] Executing (default): CREATE TABLE IF NOT EXISTS `Users` (`id` INTEGER PRIMARY KEY AUTOINCREMENT, `name` VARCHAR(255) NOT NULL, `password` VARCHAR(255) NOT NULL, `email` VARCHAR(255) NOT NULL UNIQUE, `salt` VARCHAR(255), `created_at` DATETIME NOT NULL, `updated_at` DATETIME NOT NULL);","level":"info"}
{"message":"[Mon Jan 07 2019 16:11:47 GMT+0400 (Armenia Standard Time)] Executing (default): PRAGMA INDEX_LIST(`Users`)","level":"info"}
{"message":"[Mon Jan 07 2019 16:11:47 GMT+0400 (Armenia Standard Time)] Executing (default): PRAGMA INDEX_LIST(`Users`)","level":"info"}
{"message":"[Mon Jan 07 2019 16:11:47 GMT+0400 (Armenia Standard Time)] Executing (default): PRAGMA INDEX_INFO(`sqlite_autoindex_Users_1`)","level":"info"}
{"message":"[Mon Jan 07 2019 16:11:47 GMT+0400 (Armenia Standard Time)] Executing (default): PRAGMA INDEX_INFO(`sqlite_autoindex_Users_1`)","level":"info"}
{"message":"[Mon Jan 07 2019 16:11:47 GMT+0400 (Armenia Standard Time)] Executing (default): CREATE TABLE IF NOT EXISTS `Tasks` (`id` INTEGER PRIMARY KEY AUTOINCREMENT, `title` VARCHAR(255) NOT NULL, `done` TINYINT(1) NOT NULL DEFAULT 0, `created_at` DATETIME NOT NULL, `updated_at` DATETIME NOT NULL, `user_id` INTEGER REFERENCES `Users` (`id`) ON DELETE SET NULL ON UPDATE CASCADE);","level":"info"}
{"message":"[Mon Jan 07 2019 16:11:47 GMT+0400 (Armenia Standard Time)] Executing (default): PRAGMA INDEX_LIST(`Tasks`)","level":"info"}
{"message":"[Mon Jan 07 2019 16:11:47 GMT+0400 (Armenia Standard Time)] Executing (default): CREATE TABLE IF NOT EXISTS `Tasks` (`id` INTEGER PRIMARY KEY AUTOINCREMENT, `title` VARCHAR(255) NOT NULL, `done` TINYINT(1) NOT NULL DEFAULT 0, `created_at` DATETIME NOT NULL, `updated_at` DATETIME NOT NULL, `user_id` INTEGER REFERENCES `Users` (`id`) ON DELETE SET NULL ON UPDATE CASCADE);","level":"info"}
{"message":"[Mon Jan 07 2019 16:11:47 GMT+0400 (Armenia Standard Time)] Executing (default): PRAGMA INDEX_LIST(`Tasks`)","level":"info"}
{"message":"[Mon Jan 07 2019 16:11:47 GMT+0400 (Armenia Standard Time)] Executing (default): CREATE TABLE IF NOT EXISTS `Users` (`id` INTEGER PRIMARY KEY AUTOINCREMENT, `name` VARCHAR(255) NOT NULL, `password` VARCHAR(255) NOT NULL, `email` VARCHAR(255) NOT NULL UNIQUE, `salt` VARCHAR(255), `created_at` DATETIME NOT NULL, `updated_at` DATETIME NOT NULL);","level":"info"}
{"message":"[Mon Jan 07 2019 16:11:47 GMT+0400 (Armenia Standard Time)] Executing (default): CREATE TABLE IF NOT EXISTS `Users` (`id` INTEGER PRIMARY KEY AUTOINCREMENT, `name` VARCHAR(255) NOT NULL, `password` VARCHAR(255) NOT NULL, `email` VARCHAR(255) NOT NULL UNIQUE, `salt` VARCHAR(255), `created_at` DATETIME NOT NULL, `updated_at` DATETIME NOT NULL);","level":"info"}
{"message":"[Mon Jan 07 2019 16:11:47 GMT+0400 (Armenia Standard Time)] Executing (default): CREATE TABLE IF NOT EXISTS `Users` (`id` INTEGER PRIMARY KEY AUTOINCREMENT, `name` VARCHAR(255) NOT NULL, `password` VARCHAR(255) NOT NULL, `email` VARCHAR(255) NOT NULL UNIQUE, `salt` VARCHAR(255), `created_at` DATETIME NOT NULL, `updated_at` DATETIME NOT NULL);","level":"info"}
{"message":"[Mon Jan 07 2019 16:11:47 GMT+0400 (Armenia Standard Time)] Executing (default): PRAGMA INDEX_LIST(`Users`)","level":"info"}
{"message":"[Mon Jan 07 2019 16:11:47 GMT+0400 (Armenia Standard Time)] Executing (default): PRAGMA INDEX_INFO(`sqlite_autoindex_Users_1`)","level":"info"}
{"message":"[Mon Jan 07 2019 16:11:47 GMT+0400 (Armenia Standard Time)] Executing (default): CREATE TABLE IF NOT EXISTS `Tasks` (`id` INTEGER PRIMARY KEY AUTOINCREMENT, `title` VARCHAR(255) NOT NULL, `done` TINYINT(1) NOT NULL DEFAULT 0, `created_at` DATETIME NOT NULL, `updated_at` DATETIME NOT NULL, `user_id` INTEGER REFERENCES `Users` (`id`) ON DELETE SET NULL ON UPDATE CASCADE);","level":"info"}
{"message":"[Mon Jan 07 2019 16:11:47 GMT+0400 (Armenia Standard Time)] Executing (default): PRAGMA INDEX_LIST(`Tasks`)","level":"info"}
{"message":"[Mon Jan 07 2019 16:11:47 GMT+0400 (Armenia Standard Time)] Executing (default): PRAGMA INDEX_LIST(`Users`)","level":"info"}
{"message":"[Mon Jan 07 2019 16:11:47 GMT+0400 (Armenia Standard Time)] Executing (default): CREATE TABLE IF NOT EXISTS `Users` (`id` INTEGER PRIMARY KEY AUTOINCREMENT, `name` VARCHAR(255) NOT NULL, `password` VARCHAR(255) NOT NULL, `email` VARCHAR(255) NOT NULL UNIQUE, `salt` VARCHAR(255), `created_at` DATETIME NOT NULL, `updated_at` DATETIME NOT NULL);","level":"info"}
{"message":"[Mon Jan 07 2019 16:11:47 GMT+0400 (Armenia Standard Time)] Executing (default): PRAGMA INDEX_INFO(`sqlite_autoindex_Users_1`)","level":"info"}
{"message":"[Mon Jan 07 2019 16:11:47 GMT+0400 (Armenia Standard Time)] Executing (default): CREATE TABLE IF NOT EXISTS `Tasks` (`id` INTEGER PRIMARY KEY AUTOINCREMENT, `title` VARCHAR(255) NOT NULL, `done` TINYINT(1) NOT NULL DEFAULT 0, `created_at` DATETIME NOT NULL, `updated_at` DATETIME NOT NULL, `user_id` INTEGER REFERENCES `Users` (`id`) ON DELETE SET NULL ON UPDATE CASCADE);","level":"info"}
{"message":"[Mon Jan 07 2019 16:11:47 GMT+0400 (Armenia Standard Time)] Executing (default): PRAGMA INDEX_LIST(`Tasks`)","level":"info"}
{"message":"[Mon Jan 07 2019 16:11:47 GMT+0400 (Armenia Standard Time)] Executing (default): PRAGMA INDEX_LIST(`Users`)","level":"info"}
{"message":"[Mon Jan 07 2019 16:11:47 GMT+0400 (Armenia Standard Time)] Executing (default): PRAGMA INDEX_INFO(`sqlite_autoindex_Users_1`)","level":"info"}
{"message":"[Mon Jan 07 2019 16:11:47 GMT+0400 (Armenia Standard Time)] Executing (default): CREATE TABLE IF NOT EXISTS `Tasks` (`id` INTEGER PRIMARY KEY AUTOINCREMENT, `title` VARCHAR(255) NOT NULL, `done` TINYINT(1) NOT NULL DEFAULT 0, `created_at` DATETIME NOT NULL, `updated_at` DATETIME NOT NULL, `user_id` INTEGER REFERENCES `Users` (`id`) ON DELETE SET NULL ON UPDATE CASCADE);","level":"info"}
{"message":"[Mon Jan 07 2019 16:11:47 GMT+0400 (Armenia Standard Time)] Executing (default): PRAGMA INDEX_LIST(`Users`)","level":"info"}
{"message":"[Mon Jan 07 2019 16:11:47 GMT+0400 (Armenia Standard Time)] Executing (default): PRAGMA INDEX_LIST(`Tasks`)","level":"info"}
{"message":"[Mon Jan 07 2019 16:11:47 GMT+0400 (Armenia Standard Time)] Executing (default): PRAGMA INDEX_INFO(`sqlite_autoindex_Users_1`)","level":"info"}
{"message":"[Mon Jan 07 2019 16:11:47 GMT+0400 (Armenia Standard Time)] Executing (default): CREATE TABLE IF NOT EXISTS `Tasks` (`id` INTEGER PRIMARY KEY AUTOINCREMENT, `title` VARCHAR(255) NOT NULL, `done` TINYINT(1) NOT NULL DEFAULT 0, `created_at` DATETIME NOT NULL, `updated_at` DATETIME NOT NULL, `user_id` INTEGER REFERENCES `Users` (`id`) ON DELETE SET NULL ON UPDATE CASCADE);","level":"info"}
{"message":"[Mon Jan 07 2019 16:11:47 GMT+0400 (Armenia Standard Time)] Executing (default): PRAGMA INDEX_LIST(`Tasks`)","level":"info"}
{"message":"[Mon Jan 07 2019 16:44:09 GMT+0400 (Armenia Standard Time)] Executing (default): CREATE TABLE IF NOT EXISTS `Users` (`id` INTEGER PRIMARY KEY AUTOINCREMENT, `name` VARCHAR(255) NOT NULL, `password` VARCHAR(255) NOT NULL, `email` VARCHAR(255) NOT NULL UNIQUE, `salt` VARCHAR(255), `created_at` DATETIME NOT NULL, `updated_at` DATETIME NOT NULL);","level":"info"}
{"message":"[Mon Jan 07 2019 16:44:09 GMT+0400 (Armenia Standard Time)] Executing (default): CREATE TABLE IF NOT EXISTS `Users` (`id` INTEGER PRIMARY KEY AUTOINCREMENT, `name` VARCHAR(255) NOT NULL, `password` VARCHAR(255) NOT NULL, `email` VARCHAR(255) NOT NULL UNIQUE, `salt` VARCHAR(255), `created_at` DATETIME NOT NULL, `updated_at` DATETIME NOT NULL);","level":"info"}
{"message":"[Mon Jan 07 2019 16:44:09 GMT+0400 (Armenia Standard Time)] Executing (default): CREATE TABLE IF NOT EXISTS `Users` (`id` INTEGER PRIMARY KEY AUTOINCREMENT, `name` VARCHAR(255) NOT NULL, `password` VARCHAR(255) NOT NULL, `email` VARCHAR(255) NOT NULL UNIQUE, `salt` VARCHAR(255), `created_at` DATETIME NOT NULL, `updated_at` DATETIME NOT NULL);","level":"info"}
{"message":"[Mon Jan 07 2019 16:44:09 GMT+0400 (Armenia Standard Time)] Executing (default): CREATE TABLE IF NOT EXISTS `Users` (`id` INTEGER PRIMARY KEY AUTOINCREMENT, `name` VARCHAR(255) NOT NULL, `password` VARCHAR(255) NOT NULL, `email` VARCHAR(255) NOT NULL UNIQUE, `salt` VARCHAR(255), `created_at` DATETIME NOT NULL, `updated_at` DATETIME NOT NULL);","level":"info"}
{"message":"[Mon Jan 07 2019 16:44:09 GMT+0400 (Armenia Standard Time)] Executing (default): CREATE TABLE IF NOT EXISTS `Users` (`id` INTEGER PRIMARY KEY AUTOINCREMENT, `name` VARCHAR(255) NOT NULL, `password` VARCHAR(255) NOT NULL, `email` VARCHAR(255) NOT NULL UNIQUE, `salt` VARCHAR(255), `created_at` DATETIME NOT NULL, `updated_at` DATETIME NOT NULL);","level":"info"}
{"message":"[Mon Jan 07 2019 16:44:09 GMT+0400 (Armenia Standard Time)] Executing (default): CREATE TABLE IF NOT EXISTS `Users` (`id` INTEGER PRIMARY KEY AUTOINCREMENT, `name` VARCHAR(255) NOT NULL, `password` VARCHAR(255) NOT NULL, `email` VARCHAR(255) NOT NULL UNIQUE, `salt` VARCHAR(255), `created_at` DATETIME NOT NULL, `updated_at` DATETIME NOT NULL);","level":"info"}
{"message":"[Mon Jan 07 2019 16:44:09 GMT+0400 (Armenia Standard Time)] Executing (default): PRAGMA INDEX_LIST(`Users`)","level":"info"}
{"message":"[Mon Jan 07 2019 16:44:09 GMT+0400 (Armenia Standard Time)] Executing (default): PRAGMA INDEX_LIST(`Users`)","level":"info"}
{"message":"[Mon Jan 07 2019 16:44:09 GMT+0400 (Armenia Standard Time)] Executing (default): PRAGMA INDEX_LIST(`Users`)","level":"info"}
{"message":"[Mon Jan 07 2019 16:44:09 GMT+0400 (Armenia Standard Time)] Executing (default): PRAGMA INDEX_LIST(`Users`)","level":"info"}
{"message":"[Mon Jan 07 2019 16:44:09 GMT+0400 (Armenia Standard Time)] Executing (default): PRAGMA INDEX_INFO(`sqlite_autoindex_Users_1`)","level":"info"}
{"message":"[Mon Jan 07 2019 16:44:09 GMT+0400 (Armenia Standard Time)] Executing (default): PRAGMA INDEX_INFO(`sqlite_autoindex_Users_1`)","level":"info"}
{"message":"[Mon Jan 07 2019 16:44:09 GMT+0400 (Armenia Standard Time)] Executing (default): PRAGMA INDEX_INFO(`sqlite_autoindex_Users_1`)","level":"info"}
{"message":"[Mon Jan 07 2019 16:44:09 GMT+0400 (Armenia Standard Time)] Executing (default): PRAGMA INDEX_INFO(`sqlite_autoindex_Users_1`)","level":"info"}
{"message":"[Mon Jan 07 2019 16:44:09 GMT+0400 (Armenia Standard Time)] Executing (default): PRAGMA INDEX_LIST(`Users`)","level":"info"}
{"message":"[Mon Jan 07 2019 16:44:09 GMT+0400 (Armenia Standard Time)] Executing (default): CREATE TABLE IF NOT EXISTS `Tasks` (`id` INTEGER PRIMARY KEY AUTOINCREMENT, `title` VARCHAR(255) NOT NULL, `done` TINYINT(1) NOT NULL DEFAULT 0, `created_at` DATETIME NOT NULL, `updated_at` DATETIME NOT NULL, `user_id` INTEGER REFERENCES `Users` (`id`) ON DELETE SET NULL ON UPDATE CASCADE);","level":"info"}
{"message":"[Mon Jan 07 2019 16:44:09 GMT+0400 (Armenia Standard Time)] Executing (default): CREATE TABLE IF NOT EXISTS `Tasks` (`id` INTEGER PRIMARY KEY AUTOINCREMENT, `title` VARCHAR(255) NOT NULL, `done` TINYINT(1) NOT NULL DEFAULT 0, `created_at` DATETIME NOT NULL, `updated_at` DATETIME NOT NULL, `user_id` INTEGER REFERENCES `Users` (`id`) ON DELETE SET NULL ON UPDATE CASCADE);","level":"info"}
{"message":"[Mon Jan 07 2019 16:44:09 GMT+0400 (Armenia Standard Time)] Executing (default): PRAGMA INDEX_LIST(`Users`)","level":"info"}
{"message":"[Mon Jan 07 2019 16:44:09 GMT+0400 (Armenia Standard Time)] Executing (default): PRAGMA INDEX_LIST(`Tasks`)","level":"info"}
{"message":"[Mon Jan 07 2019 16:44:09 GMT+0400 (Armenia Standard Time)] Executing (default): PRAGMA INDEX_INFO(`sqlite_autoindex_Users_1`)","level":"info"}
{"message":"[Mon Jan 07 2019 16:44:09 GMT+0400 (Armenia Standard Time)] Executing (default): PRAGMA INDEX_LIST(`Tasks`)","level":"info"}
{"message":"[Mon Jan 07 2019 16:44:09 GMT+0400 (Armenia Standard Time)] Executing (default): CREATE TABLE IF NOT EXISTS `Tasks` (`id` INTEGER PRIMARY KEY AUTOINCREMENT, `title` VARCHAR(255) NOT NULL, `done` TINYINT(1) NOT NULL DEFAULT 0, `created_at` DATETIME NOT NULL, `updated_at` DATETIME NOT NULL, `user_id` INTEGER REFERENCES `Users` (`id`) ON DELETE SET NULL ON UPDATE CASCADE);","level":"info"}
{"message":"[Mon Jan 07 2019 16:44:09 GMT+0400 (Armenia Standard Time)] Executing (default): CREATE TABLE IF NOT EXISTS `Tasks` (`id` INTEGER PRIMARY KEY AUTOINCREMENT, `title` VARCHAR(255) NOT NULL, `done` TINYINT(1) NOT NULL DEFAULT 0, `created_at` DATETIME NOT NULL, `updated_at` DATETIME NOT NULL, `user_id` INTEGER REFERENCES `Users` (`id`) ON DELETE SET NULL ON UPDATE CASCADE);","level":"info"}
{"message":"[Mon Jan 07 2019 16:44:09 GMT+0400 (Armenia Standard Time)] Executing (default): PRAGMA INDEX_LIST(`Tasks`)","level":"info"}
{"message":"[Mon Jan 07 2019 16:44:09 GMT+0400 (Armenia Standard Time)] Executing (default): PRAGMA INDEX_LIST(`Tasks`)","level":"info"}
{"message":"[Mon Jan 07 2019 16:44:09 GMT+0400 (Armenia Standard Time)] Executing (default): PRAGMA INDEX_INFO(`sqlite_autoindex_Users_1`)","level":"info"}
{"message":"[Mon Jan 07 2019 16:44:09 GMT+0400 (Armenia Standard Time)] Executing (default): CREATE TABLE IF NOT EXISTS `Tasks` (`id` INTEGER PRIMARY KEY AUTOINCREMENT, `title` VARCHAR(255) NOT NULL, `done` TINYINT(1) NOT NULL DEFAULT 0, `created_at` DATETIME NOT NULL, `updated_at` DATETIME NOT NULL, `user_id` INTEGER REFERENCES `Users` (`id`) ON DELETE SET NULL ON UPDATE CASCADE);","level":"info"}
{"message":"[Mon Jan 07 2019 16:44:09 GMT+0400 (Armenia Standard Time)] Executing (default): CREATE TABLE IF NOT EXISTS `Tasks` (`id` INTEGER PRIMARY KEY AUTOINCREMENT, `title` VARCHAR(255) NOT NULL, `done` TINYINT(1) NOT NULL DEFAULT 0, `created_at` DATETIME NOT NULL, `updated_at` DATETIME NOT NULL, `user_id` INTEGER REFERENCES `Users` (`id`) ON DELETE SET NULL ON UPDATE CASCADE);","level":"info"}
{"message":"[Mon Jan 07 2019 16:44:09 GMT+0400 (Armenia Standard Time)] Executing (default): PRAGMA INDEX_LIST(`Tasks`)","level":"info"}
{"message":"[Mon Jan 07 2019 16:44:09 GMT+0400 (Armenia Standard Time)] Executing (default): PRAGMA INDEX_LIST(`Tasks`)","level":"info"}
{"message":"[Mon Jan 07 2019 16:44:09 GMT+0400 (Armenia Standard Time)] Executing (default): CREATE TABLE IF NOT EXISTS `Users` (`id` INTEGER PRIMARY KEY AUTOINCREMENT, `name` VARCHAR(255) NOT NULL, `password` VARCHAR(255) NOT NULL, `email` VARCHAR(255) NOT NULL UNIQUE, `salt` VARCHAR(255), `created_at` DATETIME NOT NULL, `updated_at` DATETIME NOT NULL);","level":"info"}
{"message":"[Mon Jan 07 2019 16:44:09 GMT+0400 (Armenia Standard Time)] Executing (default): PRAGMA INDEX_LIST(`Users`)","level":"info"}
{"message":"[Mon Jan 07 2019 16:44:09 GMT+0400 (Armenia Standard Time)] Executing (default): PRAGMA INDEX_INFO(`sqlite_autoindex_Users_1`)","level":"info"}
{"message":"[Mon Jan 07 2019 16:44:09 GMT+0400 (Armenia Standard Time)] Executing (default): CREATE TABLE IF NOT EXISTS `Tasks` (`id` INTEGER PRIMARY KEY AUTOINCREMENT, `title` VARCHAR(255) NOT NULL, `done` TINYINT(1) NOT NULL DEFAULT 0, `created_at` DATETIME NOT NULL, `updated_at` DATETIME NOT NULL, `user_id` INTEGER REFERENCES `Users` (`id`) ON DELETE SET NULL ON UPDATE CASCADE);","level":"info"}
{"message":"[Mon Jan 07 2019 16:44:09 GMT+0400 (Armenia Standard Time)] Executing (default): PRAGMA INDEX_LIST(`Tasks`)","level":"info"}
{"message":"[Mon Jan 07 2019 16:44:09 GMT+0400 (Armenia Standard Time)] Executing (default): CREATE TABLE IF NOT EXISTS `Users` (`id` INTEGER PRIMARY KEY AUTOINCREMENT, `name` VARCHAR(255) NOT NULL, `password` VARCHAR(255) NOT NULL, `email` VARCHAR(255) NOT NULL UNIQUE, `salt` VARCHAR(255), `created_at` DATETIME NOT NULL, `updated_at` DATETIME NOT NULL);","level":"info"}
{"message":"[Mon Jan 07 2019 16:44:09 GMT+0400 (Armenia Standard Time)] Executing (default): PRAGMA INDEX_LIST(`Users`)","level":"info"}
{"message":"[Mon Jan 07 2019 16:44:09 GMT+0400 (Armenia Standard Time)] Executing (default): PRAGMA INDEX_INFO(`sqlite_autoindex_Users_1`)","level":"info"}
{"message":"[Mon Jan 07 2019 16:44:09 GMT+0400 (Armenia Standard Time)] Executing (default): CREATE TABLE IF NOT EXISTS `Tasks` (`id` INTEGER PRIMARY KEY AUTOINCREMENT, `title` VARCHAR(255) NOT NULL, `done` TINYINT(1) NOT NULL DEFAULT 0, `created_at` DATETIME NOT NULL, `updated_at` DATETIME NOT NULL, `user_id` INTEGER REFERENCES `Users` (`id`) ON DELETE SET NULL ON UPDATE CASCADE);","level":"info"}
{"message":"[Mon Jan 07 2019 16:44:09 GMT+0400 (Armenia Standard Time)] Executing (default): PRAGMA INDEX_LIST(`Tasks`)","level":"info"}
{"message":"::1 - - [07/Jan/2019:12:44:15 +0000] \"GET / HTTP/1.1\" 200 29\n","level":"info"}
{"message":"::1 - - [07/Jan/2019:12:44:15 +0000] \"GET /favicon.ico HTTP/1.1\" 404 150\n","level":"info"}
{"message":"::1 - - [07/Jan/2019:12:44:50 +0000] \"GET / HTTP/1.1\" 200 29\n","level":"info"}
{"message":"::1 - - [07/Jan/2019:12:45:21 +0000] \"GET / HTTP/1.1\" 200 29\n","level":"info"}
{"message":"[Mon Jan 07 2019 16:59:49 GMT+0400 (Armenia Standard Time)] Executing (default): CREATE TABLE IF NOT EXISTS `Users` (`id` INTEGER PRIMARY KEY AUTOINCREMENT, `name` VARCHAR(255) NOT NULL, `password` VARCHAR(255) NOT NULL, `email` VARCHAR(255) NOT NULL UNIQUE, `salt` VARCHAR(255), `created_at` DATETIME NOT NULL, `updated_at` DATETIME NOT NULL);","level":"info"}
{"message":"[Mon Jan 07 2019 16:59:49 GMT+0400 (Armenia Standard Time)] Executing (default): PRAGMA INDEX_LIST(`Users`)","level":"info"}
{"message":"[Mon Jan 07 2019 16:59:49 GMT+0400 (Armenia Standard Time)] Executing (default): PRAGMA INDEX_INFO(`sqlite_autoindex_Users_1`)","level":"info"}
{"message":"[Mon Jan 07 2019 16:59:50 GMT+0400 (Armenia Standard Time)] Executing (default): CREATE TABLE IF NOT EXISTS `Tasks` (`id` INTEGER PRIMARY KEY AUTOINCREMENT, `title` VARCHAR(255) NOT NULL, `done` TINYINT(1) NOT NULL DEFAULT 0, `created_at` DATETIME NOT NULL, `updated_at` DATETIME NOT NULL, `user_id` INTEGER REFERENCES `Users` (`id`) ON DELETE SET NULL ON UPDATE CASCADE);","level":"info"}
{"message":"[Mon Jan 07 2019 16:59:50 GMT+0400 (Armenia Standard Time)] Executing (default): PRAGMA INDEX_LIST(`Tasks`)","level":"info"}
{"message":"::1 - - [07/Jan/2019:13:00:30 +0000] \"GET /users HTTP/1.1\" 404 144\n","level":"info"}
{"message":"::1 - - [07/Jan/2019:13:00:30 +0000] \"GET /favicon.ico HTTP/1.1\" 404 150\n","level":"info"}
{"message":"::1 - - [07/Jan/2019:13:00:37 +0000] \"GET / HTTP/1.1\" 200 29\n","level":"info"}
{"message":"::1 - - [07/Jan/2019:13:00:49 +0000] \"GET / HTTP/1.1\" 304 -\n","level":"info"}
{"message":"[Mon Jan 07 2019 17:09:20 GMT+0400 (Armenia Standard Time)] Executing (default): CREATE TABLE IF NOT EXISTS `Users` (`id` INTEGER PRIMARY KEY AUTOINCREMENT, `name` VARCHAR(255) NOT NULL, `password` VARCHAR(255) NOT NULL, `email` VARCHAR(255) NOT NULL UNIQUE, `salt` VARCHAR(255), `created_at` DATETIME NOT NULL, `updated_at` DATETIME NOT NULL);","level":"info"}
{"message":"[Mon Jan 07 2019 17:09:20 GMT+0400 (Armenia Standard Time)] Executing (default): PRAGMA INDEX_LIST(`Users`)","level":"info"}
{"message":"[Mon Jan 07 2019 17:09:20 GMT+0400 (Armenia Standard Time)] Executing (default): PRAGMA INDEX_INFO(`sqlite_autoindex_Users_1`)","level":"info"}
{"message":"[Mon Jan 07 2019 17:09:20 GMT+0400 (Armenia Standard Time)] Executing (default): CREATE TABLE IF NOT EXISTS `Tasks` (`id` INTEGER PRIMARY KEY AUTOINCREMENT, `title` VARCHAR(255) NOT NULL, `done` TINYINT(1) NOT NULL DEFAULT 0, `created_at` DATETIME NOT NULL, `updated_at` DATETIME NOT NULL, `user_id` INTEGER REFERENCES `Users` (`id`) ON DELETE SET NULL ON UPDATE CASCADE);","level":"info"}
{"message":"[Mon Jan 07 2019 17:09:20 GMT+0400 (Armenia Standard Time)] Executing (default): PRAGMA INDEX_LIST(`Tasks`)","level":"info"}
{"message":"::1 - - [07/Jan/2019:13:09:34 +0000] \"GET / HTTP/1.1\" 304 -\n","level":"info"}
{"message":"::ffff:127.0.0.1 - - [07/Jan/2019:13:09:41 +0000] \"GET / HTTP/1.1\" 200 29\n","level":"info"}
{"message":"::ffff:127.0.0.1 - - [07/Jan/2019:13:09:41 +0000] \"GET /tasks HTTP/1.1\" 200 401\n","level":"info"}
{"message":"::ffff:127.0.0.1 - - [07/Jan/2019:13:09:41 +0000] \"POST /tasks HTTP/1.1\" 200 164\n","level":"info"}
{"message":"::ffff:127.0.0.1 - - [07/Jan/2019:13:09:42 +0000] \"GET /tasks/1 HTTP/1.1\" 200 165\n","level":"info"}
{"message":"::ffff:127.0.0.1 - - [07/Jan/2019:13:09:42 +0000] \"GET /tasks/0 HTTP/1.1\" 404 9\n","level":"info"}
{"message":"::ffff:127.0.0.1 - - [07/Jan/2019:13:09:42 +0000] \"PUT /tasks/1 HTTP/1.1\" 204 -\n","level":"info"}
{"message":"::ffff:127.0.0.1 - - [07/Jan/2019:13:09:42 +0000] \"DELETE /tasks/1 HTTP/1.1\" 204 -\n","level":"info"}
{"message":"::ffff:127.0.0.1 - - [07/Jan/2019:13:09:42 +0000] \"POST /token HTTP/1.1\" 200 111\n","level":"info"}
{"message":"::ffff:127.0.0.1 - - [07/Jan/2019:13:09:42 +0000] \"POST /token HTTP/1.1\" 401 12\n","level":"info"}
{"message":"::ffff:127.0.0.1 - - [07/Jan/2019:13:09:42 +0000] \"POST /token HTTP/1.1\" 401 12\n","level":"info"}
{"message":"::ffff:127.0.0.1 - - [07/Jan/2019:13:09:42 +0000] \"POST /token HTTP/1.1\" 401 12\n","level":"info"}
{"message":"::ffff:127.0.0.1 - - [07/Jan/2019:13:09:42 +0000] \"GET /user HTTP/1.1\" 200 66\n","level":"info"}
{"message":"::ffff:127.0.0.1 - - [07/Jan/2019:13:09:42 +0000] \"DELETE /user HTTP/1.1\" 204 -\n","level":"info"}
{"message":"::ffff:127.0.0.1 - - [07/Jan/2019:13:09:43 +0000] \"POST /users HTTP/1.1\" 200 283\n","level":"info"}
{"message":"[Mon Jan 07 2019 17:11:19 GMT+0400 (Armenia Standard Time)] Executing (default): CREATE TABLE IF NOT EXISTS `Users` (`id` INTEGER PRIMARY KEY AUTOINCREMENT, `name` VARCHAR(255) NOT NULL, `password` VARCHAR(255) NOT NULL, `email` VARCHAR(255) NOT NULL UNIQUE, `salt` VARCHAR(255), `created_at` DATETIME NOT NULL, `updated_at` DATETIME NOT NULL);","level":"info"}
{"message":"[Mon Jan 07 2019 17:11:19 GMT+0400 (Armenia Standard Time)] Executing (default): PRAGMA INDEX_LIST(`Users`)","level":"info"}
{"message":"[Mon Jan 07 2019 17:11:19 GMT+0400 (Armenia Standard Time)] Executing (default): PRAGMA INDEX_INFO(`sqlite_autoindex_Users_1`)","level":"info"}
{"message":"[Mon Jan 07 2019 17:11:19 GMT+0400 (Armenia Standard Time)] Executing (default): CREATE TABLE IF NOT EXISTS `Tasks` (`id` INTEGER PRIMARY KEY AUTOINCREMENT, `title` VARCHAR(255) NOT NULL, `done` TINYINT(1) NOT NULL DEFAULT 0, `created_at` DATETIME NOT NULL, `updated_at` DATETIME NOT NULL, `user_id` INTEGER REFERENCES `Users` (`id`) ON DELETE SET NULL ON UPDATE CASCADE);","level":"info"}
{"message":"[Mon Jan 07 2019 17:11:19 GMT+0400 (Armenia Standard Time)] Executing (default): PRAGMA INDEX_LIST(`Tasks`)","level":"info"}
{"message":"::1 - - [07/Jan/2019:13:11:23 +0000] \"GET / HTTP/1.1\" 304 -\n","level":"info"}
{"message":"[Mon Jan 07 2019 17:14:57 GMT+0400 (Armenia Standard Time)] Executing (default): CREATE TABLE IF NOT EXISTS `Users` (`id` INTEGER PRIMARY KEY AUTOINCREMENT, `name` VARCHAR(255) NOT NULL, `password` VARCHAR(255) NOT NULL, `email` VARCHAR(255) NOT NULL UNIQUE, `salt` VARCHAR(255), `created_at` DATETIME NOT NULL, `updated_at` DATETIME NOT NULL);","level":"info"}
{"message":"[Mon Jan 07 2019 17:14:57 GMT+0400 (Armenia Standard Time)] Executing (default): PRAGMA INDEX_LIST(`Users`)","level":"info"}
{"message":"[Mon Jan 07 2019 17:14:57 GMT+0400 (Armenia Standard Time)] Executing (default): PRAGMA INDEX_INFO(`sqlite_autoindex_Users_1`)","level":"info"}
{"message":"[Mon Jan 07 2019 17:14:57 GMT+0400 (Armenia Standard Time)] Executing (default): CREATE TABLE IF NOT EXISTS `Tasks` (`id` INTEGER PRIMARY KEY AUTOINCREMENT, `title` VARCHAR(255) NOT NULL, `done` TINYINT(1) NOT NULL DEFAULT 0, `created_at` DATETIME NOT NULL, `updated_at` DATETIME NOT NULL, `user_id` INTEGER REFERENCES `Users` (`id`) ON DELETE SET NULL ON UPDATE CASCADE);","level":"info"}
{"message":"[Mon Jan 07 2019 17:14:57 GMT+0400 (Armenia Standard Time)] Executing (default): PRAGMA INDEX_LIST(`Tasks`)","level":"info"}
{"message":"::1 - - [07/Jan/2019:13:15:01 +0000] \"GET / HTTP/1.1\" 304 -\n","level":"info"}
{"message":"[Mon Jan 07 2019 18:41:20 GMT+0400 (Armenia Standard Time)] Executing (default): CREATE TABLE IF NOT EXISTS `Users` (`id` INTEGER auto_increment , `name` VARCHAR(255) NOT NULL, `password` VARCHAR(255) NOT NULL, `email` VARCHAR(255) NOT NULL UNIQUE, `salt` VARCHAR(255), `created_at` DATETIME NOT NULL, `updated_at` DATETIME NOT NULL, PRIMARY KEY (`id`)) ENGINE=InnoDB;","level":"info"}
{"message":"[Mon Jan 07 2019 18:41:20 GMT+0400 (Armenia Standard Time)] Executing (default): SHOW INDEX FROM `Users`","level":"info"}
{"message":"[Mon Jan 07 2019 18:41:20 GMT+0400 (Armenia Standard Time)] Executing (default): CREATE TABLE IF NOT EXISTS `Tasks` (`id` INTEGER auto_increment , `title` VARCHAR(255) NOT NULL, `done` TINYINT(1) NOT NULL DEFAULT false, `created_at` DATETIME NOT NULL, `updated_at` DATETIME NOT NULL, `user_id` INTEGER, PRIMARY KEY (`id`), FOREIGN KEY (`user_id`) REFERENCES `Users` (`id`) ON DELETE SET NULL ON UPDATE CASCADE) ENGINE=InnoDB;","level":"info"}
{"message":"[Mon Jan 07 2019 18:41:20 GMT+0400 (Armenia Standard Time)] Executing (default): SHOW INDEX FROM `Tasks`","level":"info"}
{"message":"::ffff:127.0.0.1 - - [07/Jan/2019:14:42:39 +0000] \"GET / HTTP/1.1\" 200 29\n","level":"info"}
{"message":"::ffff:127.0.0.1 - - [07/Jan/2019:14:42:39 +0000] \"GET /tasks HTTP/1.1\" 200 403\n","level":"info"}
{"message":"::ffff:127.0.0.1 - - [07/Jan/2019:14:42:40 +0000] \"POST /tasks HTTP/1.1\" 200 165\n","level":"info"}
{"message":"::ffff:127.0.0.1 - - [07/Jan/2019:14:42:40 +0000] \"GET /tasks/1 HTTP/1.1\" 200 166\n","level":"info"}
{"message":"::ffff:127.0.0.1 - - [07/Jan/2019:14:42:40 +0000] \"GET /tasks/0 HTTP/1.1\" 404 9\n","level":"info"}
{"message":"::ffff:127.0.0.1 - - [07/Jan/2019:14:42:40 +0000] \"PUT /tasks/1 HTTP/1.1\" 204 -\n","level":"info"}
{"message":"::ffff:127.0.0.1 - - [07/Jan/2019:14:42:40 +0000] \"DELETE /tasks/1 HTTP/1.1\" 204 -\n","level":"info"}
{"message":"::ffff:127.0.0.1 - - [07/Jan/2019:14:42:40 +0000] \"POST /token HTTP/1.1\" 200 112\n","level":"info"}
{"message":"::ffff:127.0.0.1 - - [07/Jan/2019:14:42:40 +0000] \"POST /token HTTP/1.1\" 401 12\n","level":"info"}
{"message":"::ffff:127.0.0.1 - - [07/Jan/2019:14:42:40 +0000] \"POST /token HTTP/1.1\" 401 12\n","level":"info"}
{"message":"::ffff:127.0.0.1 - - [07/Jan/2019:14:42:40 +0000] \"POST /token HTTP/1.1\" 401 12\n","level":"info"}
{"message":"::ffff:127.0.0.1 - - [07/Jan/2019:14:42:41 +0000] \"GET /user HTTP/1.1\" 200 66\n","level":"info"}
{"message":"::ffff:127.0.0.1 - - [07/Jan/2019:14:42:41 +0000] \"DELETE /user HTTP/1.1\" 204 -\n","level":"info"}
{"message":"::ffff:127.0.0.1 - - [07/Jan/2019:14:42:41 +0000] \"POST /users HTTP/1.1\" 200 283\n","level":"info"}
{"message":"[Mon Jan 07 2019 18:46:45 GMT+0400 (Armenia Standard Time)] Executing (default): CREATE TABLE IF NOT EXISTS `Users` (`id` INTEGER auto_increment , `name` VARCHAR(255) NOT NULL, `password` VARCHAR(255) NOT NULL, `email` VARCHAR(255) NOT NULL UNIQUE, `salt` VARCHAR(255), `created_at` DATETIME NOT NULL, `updated_at` DATETIME NOT NULL, PRIMARY KEY (`id`)) ENGINE=InnoDB;","level":"info"}
{"message":"[Mon Jan 07 2019 18:46:45 GMT+0400 (Armenia Standard Time)] Executing (default): SHOW INDEX FROM `Users`","level":"info"}
{"message":"[Mon Jan 07 2019 18:46:45 GMT+0400 (Armenia Standard Time)] Executing (default): CREATE TABLE IF NOT EXISTS `Tasks` (`id` INTEGER auto_increment , `title` VARCHAR(255) NOT NULL, `done` TINYINT(1) NOT NULL DEFAULT false, `created_at` DATETIME NOT NULL, `updated_at` DATETIME NOT NULL, `user_id` INTEGER, PRIMARY KEY (`id`), FOREIGN KEY (`user_id`) REFERENCES `Users` (`id`) ON DELETE SET NULL ON UPDATE CASCADE) ENGINE=InnoDB;","level":"info"}
{"message":"[Mon Jan 07 2019 18:46:45 GMT+0400 (Armenia Standard Time)] Executing (default): SHOW INDEX FROM `Tasks`","level":"info"}
{"message":"[Tue Jan 08 2019 11:47:35 GMT+0400 (Armenia Standard Time)] Executing (default): CREATE TABLE IF NOT EXISTS `Users` (`id` INTEGER auto_increment , `name` VARCHAR(255) NOT NULL, `password` VARCHAR(255) NOT NULL, `email` VARCHAR(255) NOT NULL UNIQUE, `salt` VARCHAR(255), `created_at` DATETIME NOT NULL, `updated_at` DATETIME NOT NULL, PRIMARY KEY (`id`)) ENGINE=InnoDB;","level":"info"}
{"message":"[Tue Jan 08 2019 11:47:35 GMT+0400 (Armenia Standard Time)] Executing (default): SHOW INDEX FROM `Users`","level":"info"}
{"message":"[Tue Jan 08 2019 11:47:35 GMT+0400 (Armenia Standard Time)] Executing (default): CREATE TABLE IF NOT EXISTS `Tasks` (`id` INTEGER auto_increment , `title` VARCHAR(255) NOT NULL, `done` TINYINT(1) NOT NULL DEFAULT false, `created_at` DATETIME NOT NULL, `updated_at` DATETIME NOT NULL, `user_id` INTEGER, PRIMARY KEY (`id`), FOREIGN KEY (`user_id`) REFERENCES `Users` (`id`) ON DELETE SET NULL ON UPDATE CASCADE) ENGINE=InnoDB;","level":"info"}
{"message":"[Tue Jan 08 2019 11:47:35 GMT+0400 (Armenia Standard Time)] Executing (default): SHOW INDEX FROM `Tasks`","level":"info"}
{"message":"::ffff:127.0.0.1 - - [08/Jan/2019:07:47:44 +0000] \"GET / HTTP/1.1\" 200 29\n","level":"info"}
{"message":"::ffff:127.0.0.1 - - [08/Jan/2019:07:47:44 +0000] \"GET /tasks HTTP/1.1\" 200 403\n","level":"info"}
{"message":"::ffff:127.0.0.1 - - [08/Jan/2019:07:47:45 +0000] \"POST /tasks HTTP/1.1\" 200 165\n","level":"info"}
{"message":"::ffff:127.0.0.1 - - [08/Jan/2019:07:47:45 +0000] \"GET /tasks/1 HTTP/1.1\" 200 166\n","level":"info"}
{"message":"::ffff:127.0.0.1 - - [08/Jan/2019:07:47:45 +0000] \"GET /tasks/0 HTTP/1.1\" 404 9\n","level":"info"}
{"message":"::ffff:127.0.0.1 - - [08/Jan/2019:07:47:45 +0000] \"PUT /tasks/1 HTTP/1.1\" 204 -\n","level":"info"}
{"message":"::ffff:127.0.0.1 - - [08/Jan/2019:07:47:45 +0000] \"DELETE /tasks/1 HTTP/1.1\" 204 -\n","level":"info"}
{"message":"::ffff:127.0.0.1 - - [08/Jan/2019:07:47:45 +0000] \"POST /token HTTP/1.1\" 200 112\n","level":"info"}
{"message":"::ffff:127.0.0.1 - - [08/Jan/2019:07:47:45 +0000] \"POST /token HTTP/1.1\" 401 12\n","level":"info"}
{"message":"::ffff:127.0.0.1 - - [08/Jan/2019:07:47:45 +0000] \"POST /token HTTP/1.1\" 401 12\n","level":"info"}
{"message":"::ffff:127.0.0.1 - - [08/Jan/2019:07:47:45 +0000] \"POST /token HTTP/1.1\" 401 12\n","level":"info"}
{"message":"::ffff:127.0.0.1 - - [08/Jan/2019:07:47:46 +0000] \"GET /user HTTP/1.1\" 200 66\n","level":"info"}
{"message":"::ffff:127.0.0.1 - - [08/Jan/2019:07:47:46 +0000] \"DELETE /user HTTP/1.1\" 204 -\n","level":"info"}
{"message":"::ffff:127.0.0.1 - - [08/Jan/2019:07:47:46 +0000] \"POST /users HTTP/1.1\" 200 283\n","level":"info"}
